Using pre-set license
Built from '2020.3/staging' branch; Version is '2020.3.11f1 (99c7afb366b3) revision 10078127'; Using compiler version '192528614'; Build Type 'Release'
OS: 'Windows 10 Pro; OS build 19041.1052; Version 2004; 64bit' Language: 'en' Physical Memory: 8135 MB
BatchMode: 1, IsHumanControllingUs: 0, StartBugReporterOnCrash: 0, Is64bit: 1, IsPro: 0

 COMMAND LINE ARGUMENTS:
C:\Program Files\Unity\Hub\Editor\2020.3.11f1\Editor\Unity.exe
-adb2
-batchMode
-noUpm
-name
AssetImportWorker0
-projectPath
C:/Users/UrIdiotNeighbor/Documents/GitHub/GMTK2021
-logFile
Logs/AssetImportWorker0.log
-srvPort
59315
Successfully changed project path to: C:/Users/UrIdiotNeighbor/Documents/GitHub/GMTK2021
C:/Users/UrIdiotNeighbor/Documents/GitHub/GMTK2021
Using Asset Import Pipeline V2.
Refreshing native plugins compatible for Editor in 33.12 ms, found 2 plugins.
Preloading 0 native plugins for Editor in 0.00 ms.
Initialize engine version: 2020.3.11f1 (99c7afb366b3)
[Subsystems] Discovering subsystems at path C:/Program Files/Unity/Hub/Editor/2020.3.11f1/Editor/Data/Resources/UnitySubsystems
[Subsystems] Discovering subsystems at path C:/Users/UrIdiotNeighbor/Documents/GitHub/GMTK2021/Assets
GfxDevice: creating device client; threaded=0
Direct3D:
    Version:  Direct3D 11.0 [level 11.1]
    Renderer: Radeon (TM) RX 470 Graphics (ID=0x67df)
    Vendor:   
    VRAM:     4075 MB
    Driver:   27.20.14501.18003
Initialize mono
Mono path[0] = 'C:/Program Files/Unity/Hub/Editor/2020.3.11f1/Editor/Data/Managed'
Mono path[1] = 'C:/Program Files/Unity/Hub/Editor/2020.3.11f1/Editor/Data/MonoBleedingEdge/lib/mono/unityjit'
Mono config path = 'C:/Program Files/Unity/Hub/Editor/2020.3.11f1/Editor/Data/MonoBleedingEdge/etc'
Using monoOptions --debugger-agent=transport=dt_socket,embedding=1,server=y,suspend=n,address=127.0.0.1:56428
Begin MonoManager ReloadAssembly
Registering precompiled unity dll's ...
Register platform support module: C:/Program Files/Unity/Hub/Editor/2020.3.11f1/Editor/Data/PlaybackEngines/WindowsStandaloneSupport/UnityEditor.WindowsStandalone.Extensions.dll
Registered in 0.002190 seconds.
Native extension for WindowsStandalone target not found
Refreshing native plugins compatible for Editor in 30.38 ms, found 2 plugins.
Preloading 0 native plugins for Editor in 0.00 ms.
Mono: successfully reloaded assembly
- Completed reload, in  1.097 seconds
Platform modules already initialized, skipping
Registering precompiled user dll's ...
Registered in 0.004212 seconds.
Begin MonoManager ReloadAssembly
Native extension for WindowsStandalone target not found
Refreshing native plugins compatible for Editor in 0.34 ms, found 2 plugins.
Preloading 0 native plugins for Editor in 0.00 ms.
Mono: successfully reloaded assembly
- Completed reload, in  1.021 seconds
Platform modules already initialized, skipping
========================================================================
Worker process is ready to serve import requests
Launched and connected shader compiler UnityShaderCompiler.exe after 0.06 seconds
Refreshing native plugins compatible for Editor in 0.38 ms, found 2 plugins.
Preloading 0 native plugins for Editor in 0.00 ms.
Unloading 1386 Unused Serialized files (Serialized files now loaded: 0)
System memory in use before: 65.8 MB.
System memory in use after: 65.8 MB.

Unloading 18 unused Assets to reduce memory usage. Loaded Objects now: 1820.
Total: 2.099000 ms (FindLiveObjects: 0.131100 ms CreateObjectMapping: 0.041900 ms MarkObjects: 1.821300 ms  DeleteObjects: 0.103500 ms)

========================================================================
Received Import Request.
  path: Assets/_TerrainAutoUpgrade/layer_GrassColorLowPolyNormal3d3aba195e4d26ee.terrainlayer
  artifactKey: Guid(bea7cbc0a1c05d1498f8bc12bfa34b50) Importer(815301076,1909f56bfc062723c751e8b465ee728b)
Start importing Assets/_TerrainAutoUpgrade/layer_GrassColorLowPolyNormal3d3aba195e4d26ee.terrainlayer using Guid(bea7cbc0a1c05d1498f8bc12bfa34b50) Importer(815301076,1909f56bfc062723c751e8b465ee728b)  -> (artifact id: '018cf9daf2e1a9a4e13bb410c4e9dffc') in 0.098429 seconds
  Import took 0.100794 seconds .

========================================================================
Received Import Request.
  Time since last request: 8.644420 seconds.
  path: Assets/Scripts
  artifactKey: Guid(5497d539221768d41848d68402ab7968) Importer(815301076,1909f56bfc062723c751e8b465ee728b)
Start importing Assets/Scripts using Guid(5497d539221768d41848d68402ab7968) Importer(815301076,1909f56bfc062723c751e8b465ee728b)  -> (artifact id: '49ddd0cf0fa8db1519e47ef6b124f524') in 0.008358 seconds
  Import took 0.010714 seconds .

========================================================================
Received Import Request.
  Time since last request: 0.001079 seconds.
  path: Assets/Scripts
  artifactKey: Guid(5497d539221768d41848d68402ab7968) Importer(815301076,1909f56bfc062723c751e8b465ee728b)
Start importing Assets/Scripts using Guid(5497d539221768d41848d68402ab7968) Importer(815301076,1909f56bfc062723c751e8b465ee728b)  -> (artifact id: '49ddd0cf0fa8db1519e47ef6b124f524') in 0.002850 seconds
  Import took 0.006378 seconds .

========================================================================
Received Import Request.
  Time since last request: 23.484256 seconds.
  path: Assets/Scenes/MovementScene.unity
  artifactKey: Guid(b56800ba27d7f464eb02da6488a6cc28) Importer(815301076,1909f56bfc062723c751e8b465ee728b)
Start importing Assets/Scenes/MovementScene.unity using Guid(b56800ba27d7f464eb02da6488a6cc28) Importer(815301076,1909f56bfc062723c751e8b465ee728b)  -> (artifact id: '542ad0dad42248c26af6b09c25818d0b') in 0.007813 seconds
  Import took 0.012095 seconds .

========================================================================
Received Import Request.
  Time since last request: 0.001920 seconds.
  path: Assets/Scenes/MovementScene.unity
  artifactKey: Guid(b56800ba27d7f464eb02da6488a6cc28) Importer(815301076,1909f56bfc062723c751e8b465ee728b)
Start importing Assets/Scenes/MovementScene.unity using Guid(b56800ba27d7f464eb02da6488a6cc28) Importer(815301076,1909f56bfc062723c751e8b465ee728b)  -> (artifact id: '542ad0dad42248c26af6b09c25818d0b') in 0.003019 seconds
  Import took 0.007219 seconds .

========================================================================
Received Import Request.
  Time since last request: 207.866207 seconds.
  path: Assets/New Terrain.asset
  artifactKey: Guid(bc9530f5e9b2f5549821dfb9aea85437) Importer(815301076,1909f56bfc062723c751e8b465ee728b)
Start importing Assets/New Terrain.asset using Guid(bc9530f5e9b2f5549821dfb9aea85437) Importer(815301076,1909f56bfc062723c751e8b465ee728b)  -> (artifact id: '5da2fe186a1c6bd69ed80d2b67803174') in 0.028849 seconds
  Import took 0.034188 seconds .

========================================================================
Received Import Request.
  Time since last request: 7.643745 seconds.
  path: Assets/Materials
  artifactKey: Guid(f29787fc2349b134fa869894a20e58e0) Importer(815301076,1909f56bfc062723c751e8b465ee728b)
Start importing Assets/Materials using Guid(f29787fc2349b134fa869894a20e58e0) Importer(815301076,1909f56bfc062723c751e8b465ee728b)  -> (artifact id: '9408295eb648387f5d8d1279cef3c798') in 0.008366 seconds
  Import took 0.010816 seconds .

========================================================================
Received Import Request.
  Time since last request: 4.505570 seconds.
  path: Assets/Materials/New Lighting Settings.lighting
  artifactKey: Guid(942c3b68518c62440898c6eafa370200) Importer(815301076,1909f56bfc062723c751e8b465ee728b)
Start importing Assets/Materials/New Lighting Settings.lighting using Guid(942c3b68518c62440898c6eafa370200) Importer(815301076,1909f56bfc062723c751e8b465ee728b)  -> (artifact id: '676914fbb4f6e588b4d0af9d0c893441') in 0.013878 seconds
  Import took 0.016604 seconds .

========================================================================
Received Import Request.
  Time since last request: 20.971403 seconds.
  path: Assets/Materials/PlayerMat.mat
  artifactKey: Guid(4f65c24399ab3ed45a87509d533fead6) Importer(815301076,1909f56bfc062723c751e8b465ee728b)
Start importing Assets/Materials/PlayerMat.mat using Guid(4f65c24399ab3ed45a87509d533fead6) Importer(815301076,1909f56bfc062723c751e8b465ee728b)  -> (artifact id: '2e71a8b7890232c2fb746c78ff30a750') in 0.063393 seconds
  Import took 0.066215 seconds .

========================================================================
Received Import Request.
  Time since last request: 1200.683199 seconds.
  path: Assets/Materials/PlayerMat.mat
  artifactKey: Guid(4f65c24399ab3ed45a87509d533fead6) Importer(815301076,1909f56bfc062723c751e8b465ee728b)
Start importing Assets/Materials/PlayerMat.mat using Guid(4f65c24399ab3ed45a87509d533fead6) Importer(815301076,1909f56bfc062723c751e8b465ee728b)  -> (artifact id: 'e701de3ea1d5d9f806021a5662f3094b') in 0.016888 seconds
  Import took 0.020316 seconds .

========================================================================
Received Prepare
Registering precompiled user dll's ...
Registered in 0.004058 seconds.
Begin MonoManager ReloadAssembly
Native extension for WindowsStandalone target not found
Refreshing native plugins compatible for Editor in 0.40 ms, found 2 plugins.
Preloading 0 native plugins for Editor in 0.00 ms.
Mono: successfully reloaded assembly
- Completed reload, in  0.979 seconds
Platform modules already initialized, skipping
Refreshing native plugins compatible for Editor in 0.32 ms, found 2 plugins.
Preloading 0 native plugins for Editor in 0.00 ms.
Unloading 1381 Unused Serialized files (Serialized files now loaded: 0)
System memory in use before: 69.9 MB.
System memory in use after: 69.4 MB.

Unloading 15 unused Assets to reduce memory usage. Loaded Objects now: 1868.
Total: 2.328800 ms (FindLiveObjects: 0.141000 ms CreateObjectMapping: 0.082900 ms MarkObjects: 1.732700 ms  DeleteObjects: 0.371100 ms)

========================================================================
Received Prepare
Registering precompiled user dll's ...
Registered in 0.004067 seconds.
Begin MonoManager ReloadAssembly
Native extension for WindowsStandalone target not found
Refreshing native plugins compatible for Editor in 0.33 ms, found 2 plugins.
Preloading 0 native plugins for Editor in 0.00 ms.
Mono: successfully reloaded assembly
- Completed reload, in  0.947 seconds
Platform modules already initialized, skipping
Refreshing native plugins compatible for Editor in 0.32 ms, found 2 plugins.
Preloading 0 native plugins for Editor in 0.00 ms.
Unloading 1381 Unused Serialized files (Serialized files now loaded: 0)
System memory in use before: 69.4 MB.
System memory in use after: 69.5 MB.

Unloading 13 unused Assets to reduce memory usage. Loaded Objects now: 1871.
Total: 2.036400 ms (FindLiveObjects: 0.135700 ms CreateObjectMapping: 0.044800 ms MarkObjects: 1.814700 ms  DeleteObjects: 0.040200 ms)

========================================================================
Received Import Request.
  Time since last request: 54.683866 seconds.
  path: Assets/Scenes
  artifactKey: Guid(04067a57f619d6a43956acdce1811498) Importer(815301076,1909f56bfc062723c751e8b465ee728b)
Start importing Assets/Scenes using Guid(04067a57f619d6a43956acdce1811498) Importer(815301076,1909f56bfc062723c751e8b465ee728b)  -> (artifact id: 'c8c5d8ed92f489008381e40038536c7d') in 0.009827 seconds
  Import took 0.012844 seconds .

========================================================================
Received Import Request.
  Time since last request: 0.722889 seconds.
  path: Assets/_TerrainAutoUpgrade
  artifactKey: Guid(1b6899ba9750db641bd02a63a159a2fa) Importer(815301076,1909f56bfc062723c751e8b465ee728b)
Start importing Assets/_TerrainAutoUpgrade using Guid(1b6899ba9750db641bd02a63a159a2fa) Importer(815301076,1909f56bfc062723c751e8b465ee728b)  -> (artifact id: 'd22cf28c5a1ec1a55924d3c23ade8323') in 0.008174 seconds
  Import took 0.010527 seconds .

========================================================================
Received Import Request.
  Time since last request: 0.395413 seconds.
  path: Assets/3D assets
  artifactKey: Guid(a0d407a7978bab74ebf2ee91077d7c91) Importer(815301076,1909f56bfc062723c751e8b465ee728b)
Start importing Assets/3D assets using Guid(a0d407a7978bab74ebf2ee91077d7c91) Importer(815301076,1909f56bfc062723c751e8b465ee728b)  -> (artifact id: '03273521bd2bda2389040beef3480ff9') in 0.009661 seconds
  Import took 0.012696 seconds .

========================================================================
Received Import Request.
  Time since last request: 238.240186 seconds.
  path: Assets/Scripts/PlayerMovement.cs
  artifactKey: Guid(148a003641dddce44bc71c3eb9a5ca98) Importer(815301076,1909f56bfc062723c751e8b465ee728b)
Start importing Assets/Scripts/PlayerMovement.cs using Guid(148a003641dddce44bc71c3eb9a5ca98) Importer(815301076,1909f56bfc062723c751e8b465ee728b)  -> (artifact id: '7e660792dab9014fd59d76ce1aab96ac') in 0.019013 seconds
  Import took 0.021600 seconds .

========================================================================
Received Prepare
Registering precompiled user dll's ...
Registered in 0.004344 seconds.
Begin MonoManager ReloadAssembly
Native extension for WindowsStandalone target not found
Refreshing native plugins compatible for Editor in 0.33 ms, found 2 plugins.
Preloading 0 native plugins for Editor in 0.00 ms.
Mono: successfully reloaded assembly
- Completed reload, in  0.988 seconds
Platform modules already initialized, skipping
Refreshing native plugins compatible for Editor in 0.32 ms, found 2 plugins.
Preloading 0 native plugins for Editor in 0.00 ms.
Unloading 1381 Unused Serialized files (Serialized files now loaded: 0)
System memory in use before: 69.4 MB.
System memory in use after: 69.5 MB.

Unloading 13 unused Assets to reduce memory usage. Loaded Objects now: 1874.
Total: 1.968000 ms (FindLiveObjects: 0.154200 ms CreateObjectMapping: 0.047200 ms MarkObjects: 1.706600 ms  DeleteObjects: 0.058600 ms)

========================================================================
Received Import Request.
  Time since last request: 1968.545363 seconds.
  path: Assets/Scripts/PlayerMovement.cs
  artifactKey: Guid(148a003641dddce44bc71c3eb9a5ca98) Importer(815301076,1909f56bfc062723c751e8b465ee728b)
Start importing Assets/Scripts/PlayerMovement.cs using Guid(148a003641dddce44bc71c3eb9a5ca98) Importer(815301076,1909f56bfc062723c751e8b465ee728b)  -> (artifact id: 'c250a307ba14b1fdbb2764d138158bb5') in 0.006216 seconds
  Import took 0.008428 seconds .

========================================================================
Received Prepare
Registering precompiled user dll's ...
Registered in 0.006800 seconds.
Begin MonoManager ReloadAssembly
Native extension for WindowsStandalone target not found
Refreshing native plugins compatible for Editor in 0.34 ms, found 2 plugins.
Preloading 0 native plugins for Editor in 0.00 ms.
Mono: successfully reloaded assembly
- Completed reload, in  1.449 seconds
Platform modules already initialized, skipping
Refreshing native plugins compatible for Editor in 0.33 ms, found 2 plugins.
Preloading 0 native plugins for Editor in 0.00 ms.
Unloading 1382 Unused Serialized files (Serialized files now loaded: 0)
System memory in use before: 69.4 MB.
System memory in use after: 69.5 MB.

Unloading 13 unused Assets to reduce memory usage. Loaded Objects now: 1878.
Total: 1.841000 ms (FindLiveObjects: 0.153300 ms CreateObjectMapping: 0.051200 ms MarkObjects: 1.617800 ms  DeleteObjects: 0.017500 ms)

========================================================================
Received Prepare
Registering precompiled user dll's ...
Registered in 0.004158 seconds.
Begin MonoManager ReloadAssembly
Native extension for WindowsStandalone target not found
Refreshing native plugins compatible for Editor in 0.41 ms, found 2 plugins.
Preloading 0 native plugins for Editor in 0.00 ms.
Mono: successfully reloaded assembly
- Completed reload, in  0.984 seconds
Platform modules already initialized, skipping
Refreshing native plugins compatible for Editor in 0.45 ms, found 2 plugins.
Preloading 0 native plugins for Editor in 0.00 ms.
Unloading 1382 Unused Serialized files (Serialized files now loaded: 0)
System memory in use before: 69.4 MB.
System memory in use after: 69.5 MB.

Unloading 13 unused Assets to reduce memory usage. Loaded Objects now: 1881.
Total: 1.821000 ms (FindLiveObjects: 0.128400 ms CreateObjectMapping: 0.039200 ms MarkObjects: 1.635400 ms  DeleteObjects: 0.017100 ms)

========================================================================
Received Import Request.
  Time since last request: 61.473718 seconds.
  path: Assets/CameraMovement.cs
  artifactKey: Guid(2c252dfe08c2c9f4095b1d5231151e7f) Importer(815301076,1909f56bfc062723c751e8b465ee728b)
Start importing Assets/CameraMovement.cs using Guid(2c252dfe08c2c9f4095b1d5231151e7f) Importer(815301076,1909f56bfc062723c751e8b465ee728b)  -> (artifact id: 'a373df05b1c6a65ea474e96125147ec7') in 0.015005 seconds
  Import took 0.017421 seconds .

========================================================================
Received Prepare
Registering precompiled user dll's ...
Registered in 0.004267 seconds.
Begin MonoManager ReloadAssembly
Native extension for WindowsStandalone target not found
Refreshing native plugins compatible for Editor in 0.41 ms, found 2 plugins.
Preloading 0 native plugins for Editor in 0.00 ms.
Mono: successfully reloaded assembly
- Completed reload, in  1.042 seconds
Platform modules already initialized, skipping
Refreshing native plugins compatible for Editor in 0.36 ms, found 2 plugins.
Preloading 0 native plugins for Editor in 0.00 ms.
Unloading 1382 Unused Serialized files (Serialized files now loaded: 0)
System memory in use before: 69.4 MB.
System memory in use after: 69.5 MB.

Unloading 13 unused Assets to reduce memory usage. Loaded Objects now: 1884.
Total: 2.364200 ms (FindLiveObjects: 0.134000 ms CreateObjectMapping: 0.040000 ms MarkObjects: 2.170600 ms  DeleteObjects: 0.018100 ms)

========================================================================
Received Prepare
Registering precompiled user dll's ...
Registered in 0.004311 seconds.
Begin MonoManager ReloadAssembly
Native extension for WindowsStandalone target not found
Refreshing native plugins compatible for Editor in 0.38 ms, found 2 plugins.
Preloading 0 native plugins for Editor in 0.00 ms.
Mono: successfully reloaded assembly
- Completed reload, in  0.961 seconds
Platform modules already initialized, skipping
Refreshing native plugins compatible for Editor in 0.40 ms, found 2 plugins.
Preloading 0 native plugins for Editor in 0.00 ms.
Unloading 1382 Unused Serialized files (Serialized files now loaded: 0)
System memory in use before: 69.4 MB.
System memory in use after: 69.5 MB.

Unloading 13 unused Assets to reduce memory usage. Loaded Objects now: 1887.
Total: 1.917900 ms (FindLiveObjects: 0.132500 ms CreateObjectMapping: 0.040400 ms MarkObjects: 1.711500 ms  DeleteObjects: 0.018300 ms)

========================================================================
Received Prepare
Registering precompiled user dll's ...
Registered in 0.005146 seconds.
Begin MonoManager ReloadAssembly
Native extension for WindowsStandalone target not found
Refreshing native plugins compatible for Editor in 0.34 ms, found 2 plugins.
Preloading 0 native plugins for Editor in 0.00 ms.
Mono: successfully reloaded assembly
- Completed reload, in  0.964 seconds
Platform modules already initialized, skipping
Refreshing native plugins compatible for Editor in 0.32 ms, found 2 plugins.
Preloading 0 native plugins for Editor in 0.00 ms.
Unloading 1382 Unused Serialized files (Serialized files now loaded: 0)
System memory in use before: 69.4 MB.
System memory in use after: 69.5 MB.

Unloading 13 unused Assets to reduce memory usage. Loaded Objects now: 1890.
Total: 2.353700 ms (FindLiveObjects: 0.142300 ms CreateObjectMapping: 0.041700 ms MarkObjects: 2.128400 ms  DeleteObjects: 0.040000 ms)

========================================================================
Received Prepare
Registering precompiled user dll's ...
Registered in 0.003799 seconds.
Begin MonoManager ReloadAssembly
Native extension for WindowsStandalone target not found
Refreshing native plugins compatible for Editor in 0.43 ms, found 2 plugins.
Preloading 0 native plugins for Editor in 0.00 ms.
Mono: successfully reloaded assembly
- Completed reload, in  0.996 seconds
Platform modules already initialized, skipping
Refreshing native plugins compatible for Editor in 0.32 ms, found 2 plugins.
Preloading 0 native plugins for Editor in 0.00 ms.
Unloading 1382 Unused Serialized files (Serialized files now loaded: 0)
System memory in use before: 69.4 MB.
System memory in use after: 69.6 MB.

Unloading 13 unused Assets to reduce memory usage. Loaded Objects now: 1893.
Total: 1.867800 ms (FindLiveObjects: 0.148000 ms CreateObjectMapping: 0.044600 ms MarkObjects: 1.636000 ms  DeleteObjects: 0.038200 ms)

========================================================================
Received Prepare
Registering precompiled user dll's ...
Registered in 0.004487 seconds.
Begin MonoManager ReloadAssembly
Native extension for WindowsStandalone target not found
Refreshing native plugins compatible for Editor in 0.33 ms, found 2 plugins.
Preloading 0 native plugins for Editor in 0.00 ms.
Mono: successfully reloaded assembly
- Completed reload, in  0.955 seconds
Platform modules already initialized, skipping
Refreshing native plugins compatible for Editor in 0.32 ms, found 2 plugins.
Preloading 0 native plugins for Editor in 0.00 ms.
Unloading 1382 Unused Serialized files (Serialized files now loaded: 0)
System memory in use before: 69.5 MB.
System memory in use after: 69.6 MB.

Unloading 13 unused Assets to reduce memory usage. Loaded Objects now: 1896.
Total: 1.801100 ms (FindLiveObjects: 0.139300 ms CreateObjectMapping: 0.043300 ms MarkObjects: 1.579100 ms  DeleteObjects: 0.038500 ms)

